d:\documents\unir\curso diseño y desarrollo videojuegos\proyecto grupal i\proyectos\juego\unir-vgdeveloper\tapete\x64\debug\tapete.pch
d:\documents\unir\curso diseño y desarrollo videojuegos\proyecto grupal i\proyectos\juego\unir-vgdeveloper\tapete\x64\debug\tapete.pdb
d:\documents\unir\curso diseño y desarrollo videojuegos\proyecto grupal i\proyectos\juego\unir-vgdeveloper\tapete\x64\debug\tapete.idb
d:\documents\unir\curso diseño y desarrollo videojuegos\proyecto grupal i\proyectos\juego\unir-vgdeveloper\tapete\x64\debug\pch.obj
d:\documents\unir\curso diseño y desarrollo videojuegos\proyecto grupal i\proyectos\juego\unir-vgdeveloper\tapete\x64\debug\modojuegolibredoble.obj
d:\documents\unir\curso diseño y desarrollo videojuegos\proyecto grupal i\proyectos\juego\unir-vgdeveloper\tapete\x64\debug\modojuegoequipo.obj
d:\documents\unir\curso diseño y desarrollo videojuegos\proyecto grupal i\proyectos\juego\unir-vgdeveloper\tapete\x64\debug\modojuegocomun.obj
d:\documents\unir\curso diseño y desarrollo videojuegos\proyecto grupal i\proyectos\juego\unir-vgdeveloper\tapete\x64\debug\presenciatablero.obj
d:\documents\unir\curso diseño y desarrollo videojuegos\proyecto grupal i\proyectos\juego\unir-vgdeveloper\tapete\x64\debug\presenciapersonaje.obj
d:\documents\unir\curso diseño y desarrollo videojuegos\proyecto grupal i\proyectos\juego\unir-vgdeveloper\tapete\x64\debug\presenciahabilidades.obj
d:\documents\unir\curso diseño y desarrollo videojuegos\proyecto grupal i\proyectos\juego\unir-vgdeveloper\tapete\x64\debug\juegomesabase.obj
d:\documents\unir\curso diseño y desarrollo videojuegos\proyecto grupal i\proyectos\juego\unir-vgdeveloper\tapete\x64\debug\actorpersonaje.obj
d:\documents\unir\curso diseño y desarrollo videojuegos\proyecto grupal i\proyectos\juego\unir-vgdeveloper\tapete\x64\debug\actortablero.obj
d:\documents\unir\curso diseño y desarrollo videojuegos\proyecto grupal i\proyectos\juego\unir-vgdeveloper\tapete\x64\debug\listadoayuda.obj
d:\documents\unir\curso diseño y desarrollo videojuegos\proyecto grupal i\proyectos\juego\unir-vgdeveloper\tapete\x64\debug\habilidad.obj
d:\documents\unir\curso diseño y desarrollo videojuegos\proyecto grupal i\proyectos\juego\unir-vgdeveloper\tapete\x64\debug\gradoefectividad.obj
d:\documents\unir\curso diseño y desarrollo videojuegos\proyecto grupal i\proyectos\juego\unir-vgdeveloper\tapete\x64\debug\estadojuegocomun.obj
d:\documents\unir\curso diseño y desarrollo videojuegos\proyecto grupal i\proyectos\juego\unir-vgdeveloper\tapete\x64\debug\excepciones.obj
d:\documents\unir\curso diseño y desarrollo videojuegos\proyecto grupal i\proyectos\juego\unir-vgdeveloper\tapete\x64\debug\estadojuegopares.obj
d:\documents\unir\curso diseño y desarrollo videojuegos\proyecto grupal i\proyectos\juego\unir-vgdeveloper\tapete\x64\debug\estadojuegolibredoble.obj
d:\documents\unir\curso diseño y desarrollo videojuegos\proyecto grupal i\proyectos\juego\unir-vgdeveloper\tapete\x64\debug\estadojuegoequipo.obj
d:\documents\unir\curso diseño y desarrollo videojuegos\proyecto grupal i\proyectos\juego\unir-vgdeveloper\tapete\x64\debug\escritorayuda.obj
d:\documents\unir\curso diseño y desarrollo videojuegos\proyecto grupal i\proyectos\juego\unir-vgdeveloper\tapete\x64\debug\cuadroindica.obj
d:\documents\unir\curso diseño y desarrollo videojuegos\proyecto grupal i\proyectos\juego\unir-vgdeveloper\tapete\x64\debug\actormusica.obj
d:\documents\unir\curso diseño y desarrollo videojuegos\proyecto grupal i\proyectos\juego\unir-vgdeveloper\tapete\x64\debug\vistacaminoceldas.obj
d:\documents\unir\curso diseño y desarrollo videojuegos\proyecto grupal i\proyectos\juego\unir-vgdeveloper\tapete\x64\debug\validacionjuego.obj
d:\documents\unir\curso diseño y desarrollo videojuegos\proyecto grupal i\proyectos\juego\unir-vgdeveloper\tapete\x64\debug\tipoestadistica.obj
d:\documents\unir\curso diseño y desarrollo videojuegos\proyecto grupal i\proyectos\juego\unir-vgdeveloper\tapete\x64\debug\sucesosjuegopares.obj
d:\documents\unir\curso diseño y desarrollo videojuegos\proyecto grupal i\proyectos\juego\unir-vgdeveloper\tapete\x64\debug\sucesosjuegolibredoble.obj
d:\documents\unir\curso diseño y desarrollo videojuegos\proyecto grupal i\proyectos\juego\unir-vgdeveloper\tapete\x64\debug\sucesosjuegoequipo.obj
d:\documents\unir\curso diseño y desarrollo videojuegos\proyecto grupal i\proyectos\juego\unir-vgdeveloper\tapete\x64\debug\sucesosjuegocomun.obj
d:\documents\unir\curso diseño y desarrollo videojuegos\proyecto grupal i\proyectos\juego\unir-vgdeveloper\tapete\x64\debug\sistemaataque.obj
d:\documents\unir\curso diseño y desarrollo videojuegos\proyecto grupal i\proyectos\juego\unir-vgdeveloper\tapete\x64\debug\modojuegobase.obj
d:\documents\unir\curso diseño y desarrollo videojuegos\proyecto grupal i\proyectos\juego\unir-vgdeveloper\tapete\x64\debug\calculocaminos.obj
d:\documents\unir\curso diseño y desarrollo videojuegos\proyecto grupal i\proyectos\juego\unir-vgdeveloper\tapete\x64\debug\presenciaactuante.obj
d:\documents\unir\curso diseño y desarrollo videojuegos\proyecto grupal i\proyectos\juego\unir-vgdeveloper\tapete\x64\debug\rejillatablero.obj
d:\documents\unir\curso diseño y desarrollo videojuegos\proyecto grupal i\proyectos\juego\unir-vgdeveloper\tapete\x64\debug\modojuegopares.obj
d:\documents\unir\curso diseño y desarrollo videojuegos\proyecto grupal i\proyectos\juego\unir-vgdeveloper\tapete\x64\debug\tapete.lib
d:\documents\unir\curso diseño y desarrollo videojuegos\proyecto grupal i\proyectos\juego\unir-vgdeveloper\tapete\x64\debug\tapete.tlog\cl.command.1.tlog
d:\documents\unir\curso diseño y desarrollo videojuegos\proyecto grupal i\proyectos\juego\unir-vgdeveloper\tapete\x64\debug\tapete.tlog\cl.items.tlog
d:\documents\unir\curso diseño y desarrollo videojuegos\proyecto grupal i\proyectos\juego\unir-vgdeveloper\tapete\x64\debug\tapete.tlog\cl.read.1.tlog
d:\documents\unir\curso diseño y desarrollo videojuegos\proyecto grupal i\proyectos\juego\unir-vgdeveloper\tapete\x64\debug\tapete.tlog\cl.write.1.tlog
d:\documents\unir\curso diseño y desarrollo videojuegos\proyecto grupal i\proyectos\juego\unir-vgdeveloper\tapete\x64\debug\tapete.tlog\lib-link.read.1.tlog
d:\documents\unir\curso diseño y desarrollo videojuegos\proyecto grupal i\proyectos\juego\unir-vgdeveloper\tapete\x64\debug\tapete.tlog\lib-link.write.1.tlog
d:\documents\unir\curso diseño y desarrollo videojuegos\proyecto grupal i\proyectos\juego\unir-vgdeveloper\tapete\x64\debug\tapete.tlog\lib.command.1.tlog
